{"/home/juniorgarcia/Documentos/coffe/server/index.js": {"path":"/home/juniorgarcia/Documentos/coffe/server/index.js","statementMap":{"0":{"start":{"line":1,"column":16},"end":{"line":1,"column":34}},"1":{"start":{"line":2,"column":15},"end":{"line":2,"column":32}},"2":{"start":{"line":3,"column":13},"end":{"line":3,"column":28}},"3":{"start":{"line":4,"column":15},"end":{"line":4,"column":32}},"4":{"start":{"line":6,"column":20},"end":{"line":6,"column":59}},"5":{"start":{"line":9,"column":12},"end":{"line":9,"column":21}},"6":{"start":{"line":11,"column":0},"end":{"line":11,"column":16}},"7":{"start":{"line":13,"column":13},"end":{"line":13,"column":37}},"8":{"start":{"line":15,"column":22},"end":{"line":15,"column":64}},"9":{"start":{"line":16,"column":21},"end":{"line":16,"column":60}},"10":{"start":{"line":19,"column":0},"end":{"line":19,"column":23}},"11":{"start":{"line":20,"column":0},"end":{"line":20,"column":24}},"12":{"start":{"line":21,"column":0},"end":{"line":21,"column":49}},"13":{"start":{"line":22,"column":0},"end":{"line":22,"column":16}},"14":{"start":{"line":25,"column":0},"end":{"line":25,"column":38}},"15":{"start":{"line":26,"column":0},"end":{"line":26,"column":54}},"16":{"start":{"line":29,"column":0},"end":{"line":29,"column":21}},"17":{"start":{"line":32,"column":0},"end":{"line":36,"column":1}},"18":{"start":{"line":33,"column":1},"end":{"line":35,"column":4}},"19":{"start":{"line":34,"column":2},"end":{"line":34,"column":48}}},"fnMap":{"0":{"name":"(anonymous_0)","decl":{"start":{"line":33,"column":18},"end":{"line":33,"column":19}},"loc":{"start":{"line":33,"column":24},"end":{"line":35,"column":2}},"line":33}},"branchMap":{"0":{"loc":{"start":{"line":13,"column":13},"end":{"line":13,"column":37}},"type":"binary-expr","locations":[{"start":{"line":13,"column":13},"end":{"line":13,"column":29}},{"start":{"line":13,"column":33},"end":{"line":13,"column":37}}],"line":13},"1":{"loc":{"start":{"line":32,"column":0},"end":{"line":36,"column":1}},"type":"if","locations":[{"start":{"line":32,"column":0},"end":{"line":36,"column":1}},{"start":{},"end":{}}],"line":32}},"s":{"0":1,"1":1,"2":1,"3":1,"4":1,"5":1,"6":1,"7":1,"8":1,"9":1,"10":1,"11":1,"12":1,"13":1,"14":1,"15":1,"16":1,"17":1,"18":0,"19":0},"f":{"0":0},"b":{"0":[1,0],"1":[0,1]},"_coverageSchema":"1a1c01bbd47fc00a2c39e90264f33305004495a9","hash":"65d71c529e9edf74a7799b807a092448b13afcbb"}
,"/home/juniorgarcia/Documentos/coffe/server/config/connection.js": {"path":"/home/juniorgarcia/Documentos/coffe/server/config/connection.js","statementMap":{"0":{"start":{"line":31,"column":18},"end":{"line":31,"column":40}},"1":{"start":{"line":33,"column":0},"end":{"line":33,"column":27}}},"fnMap":{},"branchMap":{},"s":{"0":1,"1":1},"f":{},"b":{},"_coverageSchema":"1a1c01bbd47fc00a2c39e90264f33305004495a9","hash":"a450443938dcaba8b6d1ef8dfcd41df9dd42db3a"}
,"/home/juniorgarcia/Documentos/coffe/server/config/sequelize.js": {"path":"/home/juniorgarcia/Documentos/coffe/server/config/sequelize.js","statementMap":{"0":{"start":{"line":1,"column":22},"end":{"line":1,"column":42}},"1":{"start":{"line":2,"column":25},"end":{"line":2,"column":42}},"2":{"start":{"line":3,"column":0},"end":{"line":3,"column":15}},"3":{"start":{"line":6,"column":0},"end":{"line":8,"column":1}},"4":{"start":{"line":7,"column":1},"end":{"line":7,"column":96}},"5":{"start":{"line":11,"column":18},"end":{"line":16,"column":2}},"6":{"start":{"line":19,"column":0},"end":{"line":26,"column":4}},"7":{"start":{"line":22,"column":2},"end":{"line":22,"column":53}},"8":{"start":{"line":25,"column":2},"end":{"line":25,"column":70}},"9":{"start":{"line":28,"column":0},"end":{"line":28,"column":27}}},"fnMap":{"0":{"name":"(anonymous_0)","decl":{"start":{"line":21,"column":7},"end":{"line":21,"column":8}},"loc":{"start":{"line":21,"column":13},"end":{"line":23,"column":2}},"line":21},"1":{"name":"(anonymous_1)","decl":{"start":{"line":24,"column":8},"end":{"line":24,"column":9}},"loc":{"start":{"line":24,"column":15},"end":{"line":26,"column":2}},"line":24}},"branchMap":{"0":{"loc":{"start":{"line":6,"column":0},"end":{"line":8,"column":1}},"type":"if","locations":[{"start":{"line":6,"column":0},"end":{"line":8,"column":1}},{"start":{},"end":{}}],"line":6},"1":{"loc":{"start":{"line":6,"column":4},"end":{"line":6,"column":92}},"type":"binary-expr","locations":[{"start":{"line":6,"column":4},"end":{"line":6,"column":21}},{"start":{"line":6,"column":25},"end":{"line":6,"column":42}},{"start":{"line":6,"column":46},"end":{"line":6,"column":67}},{"start":{"line":6,"column":71},"end":{"line":6,"column":92}}],"line":6}},"s":{"0":1,"1":1,"2":1,"3":1,"4":0,"5":1,"6":1,"7":1,"8":0,"9":1},"f":{"0":1,"1":0},"b":{"0":[0,1],"1":[1,1,1,1]},"_coverageSchema":"1a1c01bbd47fc00a2c39e90264f33305004495a9","hash":"5f0235aa07cb50249569cb8323e3ebfbf911c160"}
,"/home/juniorgarcia/Documentos/coffe/server/helpers/sendQuery.js": {"path":"/home/juniorgarcia/Documentos/coffe/server/helpers/sendQuery.js","statementMap":{"0":{"start":{"line":1,"column":24},"end":{"line":1,"column":55}},"1":{"start":{"line":4,"column":18},"end":{"line":13,"column":1}},"2":{"start":{"line":5,"column":1},"end":{"line":12,"column":4}},"3":{"start":{"line":6,"column":2},"end":{"line":11,"column":3}},"4":{"start":{"line":7,"column":3},"end":{"line":7,"column":57}},"5":{"start":{"line":8,"column":3},"end":{"line":8,"column":23}},"6":{"start":{"line":10,"column":3},"end":{"line":10,"column":26}},"7":{"start":{"line":15,"column":0},"end":{"line":15,"column":27}}},"fnMap":{"0":{"name":"(anonymous_0)","decl":{"start":{"line":4,"column":18},"end":{"line":4,"column":19}},"loc":{"start":{"line":4,"column":47},"end":{"line":13,"column":1}},"line":4},"1":{"name":"(anonymous_1)","decl":{"start":{"line":5,"column":38},"end":{"line":5,"column":39}},"loc":{"start":{"line":5,"column":55},"end":{"line":12,"column":2}},"line":5}},"branchMap":{"0":{"loc":{"start":{"line":6,"column":2},"end":{"line":11,"column":3}},"type":"if","locations":[{"start":{"line":6,"column":2},"end":{"line":11,"column":3}},{"start":{"line":9,"column":9},"end":{"line":11,"column":3}}],"line":6}},"s":{"0":1,"1":1,"2":0,"3":0,"4":0,"5":0,"6":0,"7":1},"f":{"0":0,"1":0},"b":{"0":[0,0]},"_coverageSchema":"1a1c01bbd47fc00a2c39e90264f33305004495a9","hash":"7416ea899c6f3c04abd928385e4abecf100bb759"}
,"/home/juniorgarcia/Documentos/coffe/server/middelwares/authMiddelware.js": {"path":"/home/juniorgarcia/Documentos/coffe/server/middelwares/authMiddelware.js","statementMap":{"0":{"start":{"line":1,"column":12},"end":{"line":1,"column":35}},"1":{"start":{"line":2,"column":15},"end":{"line":2,"column":32}},"2":{"start":{"line":3,"column":0},"end":{"line":3,"column":16}},"3":{"start":{"line":5,"column":20},"end":{"line":29,"column":1}},"4":{"start":{"line":7,"column":15},"end":{"line":7,"column":66}},"5":{"start":{"line":10,"column":1},"end":{"line":14,"column":2}},"6":{"start":{"line":11,"column":2},"end":{"line":13,"column":5}},"7":{"start":{"line":17,"column":1},"end":{"line":28,"column":4}},"8":{"start":{"line":19,"column":2},"end":{"line":23,"column":3}},"9":{"start":{"line":20,"column":3},"end":{"line":22,"column":6}},"10":{"start":{"line":26,"column":2},"end":{"line":26,"column":21}},"11":{"start":{"line":27,"column":2},"end":{"line":27,"column":9}},"12":{"start":{"line":31,"column":0},"end":{"line":31,"column":29}}},"fnMap":{"0":{"name":"(anonymous_0)","decl":{"start":{"line":5,"column":20},"end":{"line":5,"column":21}},"loc":{"start":{"line":5,"column":40},"end":{"line":29,"column":1}},"line":5},"1":{"name":"(anonymous_1)","decl":{"start":{"line":17,"column":43},"end":{"line":17,"column":44}},"loc":{"start":{"line":17,"column":61},"end":{"line":28,"column":2}},"line":17}},"branchMap":{"0":{"loc":{"start":{"line":10,"column":1},"end":{"line":14,"column":2}},"type":"if","locations":[{"start":{"line":10,"column":1},"end":{"line":14,"column":2}},{"start":{},"end":{}}],"line":10},"1":{"loc":{"start":{"line":19,"column":2},"end":{"line":23,"column":3}},"type":"if","locations":[{"start":{"line":19,"column":2},"end":{"line":23,"column":3}},{"start":{},"end":{}}],"line":19}},"s":{"0":1,"1":1,"2":1,"3":1,"4":0,"5":0,"6":0,"7":0,"8":0,"9":0,"10":0,"11":0,"12":1},"f":{"0":0,"1":0},"b":{"0":[0,0],"1":[0,0]},"_coverageSchema":"1a1c01bbd47fc00a2c39e90264f33305004495a9","hash":"84490d35fbc5e119cfc9fce433db796b78fd41dc"}
,"/home/juniorgarcia/Documentos/coffe/server/v1/controllers/auth/auth_controllers.js": {"path":"/home/juniorgarcia/Documentos/coffe/server/v1/controllers/auth/auth_controllers.js","statementMap":{"0":{"start":{"line":1,"column":21},"end":{"line":1,"column":65}},"1":{"start":{"line":20,"column":14},"end":{"line":31,"column":1}},"2":{"start":{"line":21,"column":32},"end":{"line":21,"column":40}},"3":{"start":{"line":22,"column":1},"end":{"line":22,"column":23}},"4":{"start":{"line":25,"column":1},"end":{"line":30,"column":4}},"5":{"start":{"line":26,"column":2},"end":{"line":28,"column":3}},"6":{"start":{"line":27,"column":3},"end":{"line":27,"column":57}},"7":{"start":{"line":29,"column":2},"end":{"line":29,"column":44}},"8":{"start":{"line":50,"column":21},"end":{"line":63,"column":1}},"9":{"start":{"line":51,"column":32},"end":{"line":51,"column":40}},"10":{"start":{"line":53,"column":1},"end":{"line":62,"column":4}},"11":{"start":{"line":54,"column":2},"end":{"line":59,"column":3}},"12":{"start":{"line":55,"column":3},"end":{"line":57,"column":4}},"13":{"start":{"line":56,"column":4},"end":{"line":56,"column":56}},"14":{"start":{"line":58,"column":3},"end":{"line":58,"column":55}},"15":{"start":{"line":61,"column":2},"end":{"line":61,"column":90}},"16":{"start":{"line":65,"column":0},"end":{"line":68,"column":2}}},"fnMap":{"0":{"name":"(anonymous_0)","decl":{"start":{"line":20,"column":14},"end":{"line":20,"column":15}},"loc":{"start":{"line":20,"column":28},"end":{"line":31,"column":1}},"line":20},"1":{"name":"(anonymous_1)","decl":{"start":{"line":25,"column":51},"end":{"line":25,"column":52}},"loc":{"start":{"line":25,"column":67},"end":{"line":30,"column":2}},"line":25},"2":{"name":"(anonymous_2)","decl":{"start":{"line":50,"column":21},"end":{"line":50,"column":22}},"loc":{"start":{"line":50,"column":35},"end":{"line":63,"column":1}},"line":50},"3":{"name":"(anonymous_3)","decl":{"start":{"line":53,"column":47},"end":{"line":53,"column":48}},"loc":{"start":{"line":53,"column":64},"end":{"line":62,"column":2}},"line":53}},"branchMap":{"0":{"loc":{"start":{"line":26,"column":2},"end":{"line":28,"column":3}},"type":"if","locations":[{"start":{"line":26,"column":2},"end":{"line":28,"column":3}},{"start":{},"end":{}}],"line":26},"1":{"loc":{"start":{"line":54,"column":2},"end":{"line":59,"column":3}},"type":"if","locations":[{"start":{"line":54,"column":2},"end":{"line":59,"column":3}},{"start":{},"end":{}}],"line":54},"2":{"loc":{"start":{"line":55,"column":3},"end":{"line":57,"column":4}},"type":"if","locations":[{"start":{"line":55,"column":3},"end":{"line":57,"column":4}},{"start":{},"end":{}}],"line":55}},"s":{"0":1,"1":1,"2":2,"3":2,"4":2,"5":2,"6":1,"7":1,"8":1,"9":2,"10":2,"11":2,"12":1,"13":1,"14":0,"15":1,"16":1},"f":{"0":2,"1":2,"2":2,"3":2},"b":{"0":[1,1],"1":[1,1],"2":[1,0]},"_coverageSchema":"1a1c01bbd47fc00a2c39e90264f33305004495a9","hash":"ae4d7c8f87fb5c79594656602922dafd0ea4bc6a"}
,"/home/juniorgarcia/Documentos/coffe/server/v1/controllers/coffe/coffes_controllers.js": {"path":"/home/juniorgarcia/Documentos/coffe/server/v1/controllers/coffe/coffes_controllers.js","statementMap":{"0":{"start":{"line":2,"column":24},"end":{"line":2,"column":71}},"1":{"start":{"line":4,"column":22},"end":{"line":14,"column":1}},"2":{"start":{"line":6,"column":1},"end":{"line":13,"column":4}},"3":{"start":{"line":7,"column":2},"end":{"line":12,"column":3}},"4":{"start":{"line":8,"column":3},"end":{"line":8,"column":53}},"5":{"start":{"line":9,"column":3},"end":{"line":9,"column":54}},"6":{"start":{"line":11,"column":3},"end":{"line":11,"column":32}},"7":{"start":{"line":16,"column":22},"end":{"line":26,"column":1}},"8":{"start":{"line":17,"column":16},"end":{"line":17,"column":26}},"9":{"start":{"line":18,"column":1},"end":{"line":25,"column":4}},"10":{"start":{"line":19,"column":2},"end":{"line":24,"column":3}},"11":{"start":{"line":20,"column":3},"end":{"line":20,"column":51}},"12":{"start":{"line":21,"column":3},"end":{"line":21,"column":52}},"13":{"start":{"line":23,"column":3},"end":{"line":23,"column":32}},"14":{"start":{"line":28,"column":0},"end":{"line":31,"column":2}}},"fnMap":{"0":{"name":"(anonymous_0)","decl":{"start":{"line":4,"column":22},"end":{"line":4,"column":23}},"loc":{"start":{"line":4,"column":36},"end":{"line":14,"column":1}},"line":4},"1":{"name":"(anonymous_1)","decl":{"start":{"line":6,"column":31},"end":{"line":6,"column":32}},"loc":{"start":{"line":6,"column":48},"end":{"line":13,"column":2}},"line":6},"2":{"name":"(anonymous_2)","decl":{"start":{"line":16,"column":22},"end":{"line":16,"column":23}},"loc":{"start":{"line":16,"column":36},"end":{"line":26,"column":1}},"line":16},"3":{"name":"(anonymous_3)","decl":{"start":{"line":18,"column":35},"end":{"line":18,"column":36}},"loc":{"start":{"line":18,"column":52},"end":{"line":25,"column":2}},"line":18}},"branchMap":{"0":{"loc":{"start":{"line":7,"column":2},"end":{"line":12,"column":3}},"type":"if","locations":[{"start":{"line":7,"column":2},"end":{"line":12,"column":3}},{"start":{"line":10,"column":9},"end":{"line":12,"column":3}}],"line":7},"1":{"loc":{"start":{"line":19,"column":2},"end":{"line":24,"column":3}},"type":"if","locations":[{"start":{"line":19,"column":2},"end":{"line":24,"column":3}},{"start":{"line":22,"column":9},"end":{"line":24,"column":3}}],"line":19}},"s":{"0":1,"1":1,"2":0,"3":0,"4":0,"5":0,"6":0,"7":1,"8":0,"9":0,"10":0,"11":0,"12":0,"13":0,"14":1},"f":{"0":0,"1":0,"2":0,"3":0},"b":{"0":[0,0],"1":[0,0]},"_coverageSchema":"1a1c01bbd47fc00a2c39e90264f33305004495a9","hash":"5b19edc8225dbf0ce768750dd199185d257406ba"}
,"/home/juniorgarcia/Documentos/coffe/server/v1/database/auth/auth_database.js": {"path":"/home/juniorgarcia/Documentos/coffe/server/v1/database/auth/auth_database.js","statementMap":{"0":{"start":{"line":1,"column":13},"end":{"line":1,"column":41}},"1":{"start":{"line":3,"column":26},"end":{"line":15,"column":1}},"2":{"start":{"line":4,"column":1},"end":{"line":14,"column":2}},"3":{"start":{"line":5,"column":15},"end":{"line":5,"column":58}},"4":{"start":{"line":6,"column":2},"end":{"line":9,"column":3}},"5":{"start":{"line":7,"column":3},"end":{"line":7,"column":51}},"6":{"start":{"line":8,"column":3},"end":{"line":8,"column":31}},"7":{"start":{"line":10,"column":2},"end":{"line":10,"column":23}},"8":{"start":{"line":12,"column":2},"end":{"line":12,"column":56}},"9":{"start":{"line":13,"column":2},"end":{"line":13,"column":22}},"10":{"start":{"line":17,"column":21},"end":{"line":28,"column":1}},"11":{"start":{"line":18,"column":1},"end":{"line":27,"column":2}},"12":{"start":{"line":19,"column":18},"end":{"line":22,"column":4}},"13":{"start":{"line":23,"column":2},"end":{"line":23,"column":26}},"14":{"start":{"line":25,"column":2},"end":{"line":25,"column":55}},"15":{"start":{"line":26,"column":2},"end":{"line":26,"column":22}},"16":{"start":{"line":30,"column":0},"end":{"line":33,"column":2}}},"fnMap":{"0":{"name":"(anonymous_0)","decl":{"start":{"line":3,"column":26},"end":{"line":3,"column":27}},"loc":{"start":{"line":3,"column":56},"end":{"line":15,"column":1}},"line":3},"1":{"name":"(anonymous_1)","decl":{"start":{"line":17,"column":21},"end":{"line":17,"column":22}},"loc":{"start":{"line":17,"column":47},"end":{"line":28,"column":1}},"line":17}},"branchMap":{"0":{"loc":{"start":{"line":6,"column":2},"end":{"line":9,"column":3}},"type":"if","locations":[{"start":{"line":6,"column":2},"end":{"line":9,"column":3}},{"start":{},"end":{}}],"line":6}},"s":{"0":1,"1":1,"2":4,"3":4,"4":3,"5":1,"6":1,"7":2,"8":1,"9":1,"10":1,"11":1,"12":1,"13":1,"14":0,"15":0,"16":1},"f":{"0":4,"1":1},"b":{"0":[1,2]},"_coverageSchema":"1a1c01bbd47fc00a2c39e90264f33305004495a9","hash":"7dc60b40b6fe78754b90c03e00a3286f1437a928"}
,"/home/juniorgarcia/Documentos/coffe/server/v1/database/coffe/coffes_database.js": {"path":"/home/juniorgarcia/Documentos/coffe/server/v1/database/coffe/coffes_database.js","statementMap":{"0":{"start":{"line":1,"column":18},"end":{"line":1,"column":55}},"1":{"start":{"line":4,"column":22},"end":{"line":14,"column":1}},"2":{"start":{"line":5,"column":15},"end":{"line":5,"column":37}},"3":{"start":{"line":6,"column":1},"end":{"line":13,"column":4}},"4":{"start":{"line":7,"column":2},"end":{"line":12,"column":3}},"5":{"start":{"line":8,"column":3},"end":{"line":8,"column":56}},"6":{"start":{"line":9,"column":3},"end":{"line":9,"column":23}},"7":{"start":{"line":11,"column":3},"end":{"line":11,"column":26}},"8":{"start":{"line":16,"column":22},"end":{"line":26,"column":1}},"9":{"start":{"line":17,"column":15},"end":{"line":17,"column":50}},"10":{"start":{"line":18,"column":1},"end":{"line":25,"column":4}},"11":{"start":{"line":19,"column":2},"end":{"line":24,"column":3}},"12":{"start":{"line":20,"column":3},"end":{"line":20,"column":51}},"13":{"start":{"line":21,"column":3},"end":{"line":21,"column":23}},"14":{"start":{"line":23,"column":3},"end":{"line":23,"column":26}},"15":{"start":{"line":28,"column":0},"end":{"line":31,"column":2}}},"fnMap":{"0":{"name":"(anonymous_0)","decl":{"start":{"line":4,"column":22},"end":{"line":4,"column":23}},"loc":{"start":{"line":4,"column":34},"end":{"line":14,"column":1}},"line":4},"1":{"name":"(anonymous_1)","decl":{"start":{"line":6,"column":18},"end":{"line":6,"column":19}},"loc":{"start":{"line":6,"column":35},"end":{"line":13,"column":2}},"line":6},"2":{"name":"(anonymous_2)","decl":{"start":{"line":16,"column":22},"end":{"line":16,"column":23}},"loc":{"start":{"line":16,"column":40},"end":{"line":26,"column":1}},"line":16},"3":{"name":"(anonymous_3)","decl":{"start":{"line":18,"column":24},"end":{"line":18,"column":25}},"loc":{"start":{"line":18,"column":41},"end":{"line":25,"column":2}},"line":18}},"branchMap":{"0":{"loc":{"start":{"line":7,"column":2},"end":{"line":12,"column":3}},"type":"if","locations":[{"start":{"line":7,"column":2},"end":{"line":12,"column":3}},{"start":{"line":10,"column":9},"end":{"line":12,"column":3}}],"line":7},"1":{"loc":{"start":{"line":19,"column":2},"end":{"line":24,"column":3}},"type":"if","locations":[{"start":{"line":19,"column":2},"end":{"line":24,"column":3}},{"start":{"line":22,"column":9},"end":{"line":24,"column":3}}],"line":19}},"s":{"0":1,"1":1,"2":0,"3":0,"4":0,"5":0,"6":0,"7":0,"8":1,"9":0,"10":0,"11":0,"12":0,"13":0,"14":0,"15":1},"f":{"0":0,"1":0,"2":0,"3":0},"b":{"0":[0,0],"1":[0,0]},"_coverageSchema":"1a1c01bbd47fc00a2c39e90264f33305004495a9","hash":"6478eb6cc486616f04d8c27fbbe7d8e6bd45de3a"}
,"/home/juniorgarcia/Documentos/coffe/server/v1/models/user.js": {"path":"/home/juniorgarcia/Documentos/coffe/server/v1/models/user.js","statementMap":{"0":{"start":{"line":1,"column":22},"end":{"line":1,"column":42}},"1":{"start":{"line":2,"column":18},"end":{"line":2,"column":51}},"2":{"start":{"line":4,"column":13},"end":{"line":35,"column":1}},"3":{"start":{"line":37,"column":0},"end":{"line":37,"column":22}}},"fnMap":{},"branchMap":{},"s":{"0":1,"1":1,"2":1,"3":1},"f":{},"b":{},"_coverageSchema":"1a1c01bbd47fc00a2c39e90264f33305004495a9","hash":"d902e4d47198efbda434e78a055118ce098d492b"}
,"/home/juniorgarcia/Documentos/coffe/server/v1/routes/auth/auth_routes.js": {"path":"/home/juniorgarcia/Documentos/coffe/server/v1/routes/auth/auth_routes.js","statementMap":{"0":{"start":{"line":1,"column":16},"end":{"line":1,"column":34}},"1":{"start":{"line":2,"column":15},"end":{"line":2,"column":31}},"2":{"start":{"line":4,"column":23},"end":{"line":4,"column":73}},"3":{"start":{"line":6,"column":0},"end":{"line":6,"column":44}},"4":{"start":{"line":7,"column":0},"end":{"line":7,"column":54}},"5":{"start":{"line":9,"column":0},"end":{"line":9,"column":24}}},"fnMap":{},"branchMap":{},"s":{"0":1,"1":1,"2":1,"3":1,"4":1,"5":1},"f":{},"b":{},"_coverageSchema":"1a1c01bbd47fc00a2c39e90264f33305004495a9","hash":"075f94930a6ac0b9520fc391cb057add5fdca4ed"}
,"/home/juniorgarcia/Documentos/coffe/server/v1/routes/coffe/coffes_routes.js": {"path":"/home/juniorgarcia/Documentos/coffe/server/v1/routes/coffe/coffes_routes.js","statementMap":{"0":{"start":{"line":1,"column":16},"end":{"line":1,"column":34}},"1":{"start":{"line":2,"column":15},"end":{"line":2,"column":31}},"2":{"start":{"line":4,"column":26},"end":{"line":4,"column":79}},"3":{"start":{"line":6,"column":0},"end":{"line":6,"column":49}},"4":{"start":{"line":7,"column":0},"end":{"line":7,"column":52}},"5":{"start":{"line":12,"column":0},"end":{"line":12,"column":24}}},"fnMap":{},"branchMap":{},"s":{"0":1,"1":1,"2":1,"3":1,"4":1,"5":1},"f":{},"b":{},"_coverageSchema":"1a1c01bbd47fc00a2c39e90264f33305004495a9","hash":"730df9b31329c3ee0dfedc31cc71aed2c59c36de"}
,"/home/juniorgarcia/Documentos/coffe/server/v1/services/auth/auth_services.js": {"path":"/home/juniorgarcia/Documentos/coffe/server/v1/services/auth/auth_services.js","statementMap":{"0":{"start":{"line":1,"column":12},"end":{"line":1,"column":35}},"1":{"start":{"line":2,"column":15},"end":{"line":2,"column":32}},"2":{"start":{"line":3,"column":15},"end":{"line":3,"column":32}},"3":{"start":{"line":4,"column":22},"end":{"line":4,"column":66}},"4":{"start":{"line":6,"column":0},"end":{"line":6,"column":16}},"5":{"start":{"line":8,"column":25},"end":{"line":42,"column":1}},"6":{"start":{"line":9,"column":1},"end":{"line":41,"column":4}},"7":{"start":{"line":10,"column":2},"end":{"line":12,"column":3}},"8":{"start":{"line":11,"column":3},"end":{"line":11,"column":30}},"9":{"start":{"line":14,"column":2},"end":{"line":17,"column":3}},"10":{"start":{"line":15,"column":3},"end":{"line":15,"column":42}},"11":{"start":{"line":16,"column":3},"end":{"line":16,"column":61}},"12":{"start":{"line":19,"column":2},"end":{"line":40,"column":5}},"13":{"start":{"line":20,"column":3},"end":{"line":23,"column":4}},"14":{"start":{"line":21,"column":4},"end":{"line":21,"column":58}},"15":{"start":{"line":22,"column":4},"end":{"line":22,"column":31}},"16":{"start":{"line":25,"column":3},"end":{"line":28,"column":4}},"17":{"start":{"line":26,"column":4},"end":{"line":26,"column":43}},"18":{"start":{"line":27,"column":4},"end":{"line":27,"column":62}},"19":{"start":{"line":30,"column":17},"end":{"line":37,"column":4}},"20":{"start":{"line":39,"column":3},"end":{"line":39,"column":25}},"21":{"start":{"line":44,"column":21},"end":{"line":72,"column":1}},"22":{"start":{"line":45,"column":1},"end":{"line":71,"column":4}},"23":{"start":{"line":46,"column":2},"end":{"line":48,"column":3}},"24":{"start":{"line":47,"column":3},"end":{"line":47,"column":30}},"25":{"start":{"line":50,"column":2},"end":{"line":52,"column":3}},"26":{"start":{"line":51,"column":3},"end":{"line":51,"column":69}},"27":{"start":{"line":54,"column":2},"end":{"line":70,"column":5}},"28":{"start":{"line":55,"column":3},"end":{"line":58,"column":4}},"29":{"start":{"line":56,"column":4},"end":{"line":56,"column":60}},"30":{"start":{"line":57,"column":4},"end":{"line":57,"column":31}},"31":{"start":{"line":60,"column":19},"end":{"line":60,"column":57}},"32":{"start":{"line":62,"column":3},"end":{"line":69,"column":6}},"33":{"start":{"line":63,"column":4},"end":{"line":66,"column":5}},"34":{"start":{"line":64,"column":5},"end":{"line":64,"column":54}},"35":{"start":{"line":65,"column":5},"end":{"line":65,"column":32}},"36":{"start":{"line":68,"column":4},"end":{"line":68,"column":34}},"37":{"start":{"line":74,"column":0},"end":{"line":77,"column":2}}},"fnMap":{"0":{"name":"(anonymous_0)","decl":{"start":{"line":8,"column":25},"end":{"line":8,"column":26}},"loc":{"start":{"line":8,"column":59},"end":{"line":42,"column":1}},"line":8},"1":{"name":"(anonymous_1)","decl":{"start":{"line":9,"column":43},"end":{"line":9,"column":44}},"loc":{"start":{"line":9,"column":58},"end":{"line":41,"column":2}},"line":9},"2":{"name":"(anonymous_2)","decl":{"start":{"line":19,"column":42},"end":{"line":19,"column":43}},"loc":{"start":{"line":19,"column":66},"end":{"line":40,"column":3}},"line":19},"3":{"name":"(anonymous_3)","decl":{"start":{"line":44,"column":21},"end":{"line":44,"column":22}},"loc":{"start":{"line":44,"column":55},"end":{"line":72,"column":1}},"line":44},"4":{"name":"(anonymous_4)","decl":{"start":{"line":45,"column":43},"end":{"line":45,"column":44}},"loc":{"start":{"line":45,"column":58},"end":{"line":71,"column":2}},"line":45},"5":{"name":"(anonymous_5)","decl":{"start":{"line":54,"column":28},"end":{"line":54,"column":29}},"loc":{"start":{"line":54,"column":53},"end":{"line":70,"column":3}},"line":54},"6":{"name":"(anonymous_6)","decl":{"start":{"line":62,"column":39},"end":{"line":62,"column":40}},"loc":{"start":{"line":62,"column":56},"end":{"line":69,"column":4}},"line":62}},"branchMap":{"0":{"loc":{"start":{"line":10,"column":2},"end":{"line":12,"column":3}},"type":"if","locations":[{"start":{"line":10,"column":2},"end":{"line":12,"column":3}},{"start":{},"end":{}}],"line":10},"1":{"loc":{"start":{"line":14,"column":2},"end":{"line":17,"column":3}},"type":"if","locations":[{"start":{"line":14,"column":2},"end":{"line":17,"column":3}},{"start":{},"end":{}}],"line":14},"2":{"loc":{"start":{"line":20,"column":3},"end":{"line":23,"column":4}},"type":"if","locations":[{"start":{"line":20,"column":3},"end":{"line":23,"column":4}},{"start":{},"end":{}}],"line":20},"3":{"loc":{"start":{"line":25,"column":3},"end":{"line":28,"column":4}},"type":"if","locations":[{"start":{"line":25,"column":3},"end":{"line":28,"column":4}},{"start":{},"end":{}}],"line":25},"4":{"loc":{"start":{"line":46,"column":2},"end":{"line":48,"column":3}},"type":"if","locations":[{"start":{"line":46,"column":2},"end":{"line":48,"column":3}},{"start":{},"end":{}}],"line":46},"5":{"loc":{"start":{"line":50,"column":2},"end":{"line":52,"column":3}},"type":"if","locations":[{"start":{"line":50,"column":2},"end":{"line":52,"column":3}},{"start":{},"end":{}}],"line":50},"6":{"loc":{"start":{"line":55,"column":3},"end":{"line":58,"column":4}},"type":"if","locations":[{"start":{"line":55,"column":3},"end":{"line":58,"column":4}},{"start":{},"end":{}}],"line":55},"7":{"loc":{"start":{"line":63,"column":4},"end":{"line":66,"column":5}},"type":"if","locations":[{"start":{"line":63,"column":4},"end":{"line":66,"column":5}},{"start":{},"end":{}}],"line":63}},"s":{"0":1,"1":1,"2":1,"3":1,"4":1,"5":1,"6":2,"7":2,"8":1,"9":1,"10":0,"11":0,"12":1,"13":1,"14":0,"15":0,"16":1,"17":0,"18":0,"19":1,"20":1,"21":1,"22":2,"23":2,"24":0,"25":2,"26":1,"27":1,"28":1,"29":0,"30":0,"31":1,"32":1,"33":1,"34":0,"35":0,"36":1,"37":1},"f":{"0":2,"1":2,"2":1,"3":2,"4":2,"5":1,"6":1},"b":{"0":[1,1],"1":[0,1],"2":[0,1],"3":[0,1],"4":[0,2],"5":[1,1],"6":[0,1],"7":[0,1]},"_coverageSchema":"1a1c01bbd47fc00a2c39e90264f33305004495a9","hash":"67cb44673055e87b9fe31ae98641bb62caa9e52a"}
,"/home/juniorgarcia/Documentos/coffe/server/v1/services/coffe/coffes_services.js": {"path":"/home/juniorgarcia/Documentos/coffe/server/v1/services/coffe/coffes_services.js","statementMap":{"0":{"start":{"line":2,"column":26},"end":{"line":2,"column":73}},"1":{"start":{"line":4,"column":22},"end":{"line":13,"column":1}},"2":{"start":{"line":5,"column":1},"end":{"line":12,"column":4}},"3":{"start":{"line":6,"column":2},"end":{"line":11,"column":3}},"4":{"start":{"line":7,"column":3},"end":{"line":7,"column":68}},"5":{"start":{"line":8,"column":3},"end":{"line":8,"column":23}},"6":{"start":{"line":10,"column":3},"end":{"line":10,"column":26}},"7":{"start":{"line":15,"column":22},"end":{"line":24,"column":1}},"8":{"start":{"line":16,"column":1},"end":{"line":23,"column":4}},"9":{"start":{"line":17,"column":2},"end":{"line":22,"column":3}},"10":{"start":{"line":18,"column":3},"end":{"line":18,"column":51}},"11":{"start":{"line":19,"column":3},"end":{"line":19,"column":23}},"12":{"start":{"line":21,"column":3},"end":{"line":21,"column":26}},"13":{"start":{"line":26,"column":0},"end":{"line":29,"column":2}}},"fnMap":{"0":{"name":"(anonymous_0)","decl":{"start":{"line":4,"column":22},"end":{"line":4,"column":23}},"loc":{"start":{"line":4,"column":34},"end":{"line":13,"column":1}},"line":4},"1":{"name":"(anonymous_1)","decl":{"start":{"line":5,"column":33},"end":{"line":5,"column":34}},"loc":{"start":{"line":5,"column":50},"end":{"line":12,"column":2}},"line":5},"2":{"name":"(anonymous_2)","decl":{"start":{"line":15,"column":22},"end":{"line":15,"column":23}},"loc":{"start":{"line":15,"column":40},"end":{"line":24,"column":1}},"line":15},"3":{"name":"(anonymous_3)","decl":{"start":{"line":16,"column":37},"end":{"line":16,"column":38}},"loc":{"start":{"line":16,"column":54},"end":{"line":23,"column":2}},"line":16}},"branchMap":{"0":{"loc":{"start":{"line":6,"column":2},"end":{"line":11,"column":3}},"type":"if","locations":[{"start":{"line":6,"column":2},"end":{"line":11,"column":3}},{"start":{"line":9,"column":9},"end":{"line":11,"column":3}}],"line":6},"1":{"loc":{"start":{"line":17,"column":2},"end":{"line":22,"column":3}},"type":"if","locations":[{"start":{"line":17,"column":2},"end":{"line":22,"column":3}},{"start":{"line":20,"column":9},"end":{"line":22,"column":3}}],"line":17}},"s":{"0":1,"1":1,"2":0,"3":0,"4":0,"5":0,"6":0,"7":1,"8":0,"9":0,"10":0,"11":0,"12":0,"13":1},"f":{"0":0,"1":0,"2":0,"3":0},"b":{"0":[0,0],"1":[0,0]},"_coverageSchema":"1a1c01bbd47fc00a2c39e90264f33305004495a9","hash":"359b548caacbe79b33d34bfe10fe5ea05120f0f6"}
}
